8/29/2024 2:25:17 PM Info Project 'ICTC_Project_2' created successfully and added to workspace
8/29/2024 2:25:17 PM Info Loading scenario ID: d2fa89db-1251-4bdf-b1bf-4b96016aaea4, URI: http://localhost:9098/Scenarios/d2fa89db-1251-4bdf-b1bf-4b96016aaea4/Index.html
8/29/2024 2:26:19 PM Info Clear all Config Template answers
8/29/2024 2:26:19 PM Info Save Config Template answers for active project
8/29/2024 2:26:20 PM Info Project 'ICTC_Project_2' created successfully and added to workspace
8/29/2024 2:26:33 PM Info Navigating to URI https://docs.microsoft.com/windows/configuration/wcd/wcd-accounts#computeraccount
8/29/2024 2:26:52 PM Info Start Provisioning package Build for Project: ICTC_Project_2
8/29/2024 2:27:22 PM Info Exporting customizations as a Provisioning Package to 'C:\Users\Administrator\AppData\Local\Temp\2\ICD_20240829-142722-273_13284.19_420864346.5'
8/29/2024 2:27:22 PM Info Adding runtime settings to Provisioning Package
8/29/2024 2:27:22 PM Info CreateTempDirectory: Create directory: C:\Users\Administrator\AppData\Local\Temp\2\ICD_20240829-142722-305_13284.19_1685924665.6
8/29/2024 2:27:22 PM Info provxml writer, path = C:\Users\Administrator\AppData\Local\Temp\2\ICD_20240829-142722-305_13284.19_1685924665.6\Prov\RunTime\0__Accounts_Azure.provxml
8/29/2024 2:27:22 PM Info provxml writer, path = C:\Users\Administrator\AppData\Local\Temp\2\ICD_20240829-142722-305_13284.19_1685924665.6\Prov\RunTime\1__Policies_ApplicationManagement_AllowAllTrustedApps.provxml
8/29/2024 2:27:22 PM Info provxml writer, path = C:\Users\Administrator\AppData\Local\Temp\2\ICD_20240829-142722-305_13284.19_1685924665.6\Prov\RunTime\2__OOBE_Desktop_HideOobe.provxml
8/29/2024 2:27:22 PM Info Adding deployment settings to Provisioning Package
8/29/2024 2:27:22 PM Info Adding file assets to Provisioning Package
8/29/2024 2:27:22 PM Info CopyFile: Source path: C:\Users\Administrator\AppData\Local\Temp\2\ICD_20240829-142722-352_13284.19_188656113.cat, Target path: C:\Users\Administrator\Documents\Windows Imaging and Configuration Designer (WICD)\ICTC_Project_2\ICTC_Project_2.cat
8/29/2024 2:27:22 PM Info CopyFile: Source path: C:\Users\Administrator\AppData\Local\Temp\2\ICD_20240829-142722-273_13284.19_420864346.5, Target path: C:\Users\Administrator\Documents\Windows Imaging and Configuration Designer (WICD)\ICTC_Project_2\ICTC_Project_2.ppkg
8/29/2024 2:27:22 PM Info DeleteFile: File '' does not exist
8/29/2024 2:27:22 PM Info DeleteFile: File 'C:\Users\Administrator\AppData\Local\Temp\2\ICD_20240829-142722-273_13284.19_420864346.5' does not exist
8/29/2024 2:27:22 PM Info Media Creation Build Success page
8/29/2024 2:27:33 PM Info Build workflow finished.
